[BUG]: 'utf-8' codec can't decode byte 0xeb in position 15: unexpected end of data

## Command Line
C:\Users\USER\AppData\Local\Programs\Python\Python313\Scripts\pyarmor gen -O dist_obf gui.py main.py auth.py config.py blog_poster.py cafe_poster.py cafe_extractor.py cafe_autojoin.py coupang_api.py gemini_api.py image_downloader.py supabase_client.py url_shortener.py

## Environments
Python 3.13.3
Pyarmor 9.1.6 (trial), 000000, non-profits
Platform windows.x86_64
Native windows.amd64
Home C:\Users\USER\.pyarmor

## Traceback
Traceback (most recent call last):
  File "C:\Users\USER\AppData\Local\Programs\Python\Python313\Lib\site-packages\pyarmor\cli\__main__.py", line 793, in main
    main_entry(sys.argv[1:])
    ~~~~~~~~~~^^^^^^^^^^^^^^
  File "C:\Users\USER\AppData\Local\Programs\Python\Python313\Lib\site-packages\pyarmor\cli\__main__.py", line 786, in main_entry
    return args.func(ctx, args)
           ~~~~~~~~~^^^^^^^^^^^
  File "C:\Users\USER\AppData\Local\Programs\Python\Python313\Lib\site-packages\pyarmor\cli\__main__.py", line 248, in cmd_gen
    builder.process(options)
    ~~~~~~~~~~~~~~~^^^^^^^^^
  File "C:\Users\USER\AppData\Local\Programs\Python\Python313\Lib\site-packages\pyarmor\cli\generate.py", line 188, in process
    self._obfuscate_scripts()
    ~~~~~~~~~~~~~~~~~~~~~~~^^
  File "C:\Users\USER\AppData\Local\Programs\Python\Python313\Lib\site-packages\pyarmor\cli\generate.py", line 144, in _obfuscate_scripts
    code = Pytransform3.generate_obfuscated_script(self.ctx, r)
  File "C:\Users\USER\AppData\Local\Programs\Python\Python313\Lib\site-packages\pyarmor\cli\core\__init__.py", line 95, in generate_obfuscated_script
    return m.generate_obfuscated_script(ctx, res)
           ~~~~~~~~~~~~~~~~~~~~~~~~~~~~^^^^^^^^^^
  File "<maker>", line 715, in generate_obfuscated_script
  File "C:\Users\USER\AppData\Local\Programs\Python\Python313\Lib\site-packages\pyarmor\cli\__init__.py", line 16, in process
    return meth(self, res, *args, **kwargs)
  File "<maker>", line 512, in process
  File "C:\Users\USER\AppData\Local\Programs\Python\Python313\Lib\site-packages\pyarmor\cli\resource.py", line 134, in readlines
    with open(self.fullpath, encoding=self._get_encoding(encoding)) as f:
                                      ~~~~~~~~~~~~~~~~~~^^^^^^^^^^
  File "C:\Users\USER\AppData\Local\Programs\Python\Python313\Lib\site-packages\pyarmor\cli\resource.py", line 126, in _get_encoding
    m = research(r'coding[=:]\s*([-\w.]+)', line[k:n].decode())
                                            ~~~~~~~~~~~~~~~~^^
UnicodeDecodeError: 'utf-8' codec can't decode byte 0xeb in position 15: unexpected end of data


